\BOOKMARK [1][-]{section*.3}{\376\377\000T\000a\000b\000l\000e\000\040\000d\000e\000s\000\040\000v\000e\000r\000s\000i\000o\000n\000s}{}% 1
\BOOKMARK [1][-]{section*.4}{\376\377\000T\000a\000b\000l\000e\000\040\000d\000e\000s\000\040\000m\000a\000t\000i\000\350\000r\000e\000s}{}% 2
\BOOKMARK [1][-]{section.1}{\376\377\000I\000n\000t\000r\000o\000d\000u\000c\000t\000i\000o\000n}{}% 3
\BOOKMARK [2][-]{subsection.1.1}{\376\377\000O\000b\000j\000e\000t}{section.1}% 4
\BOOKMARK [2][-]{subsection.1.2}{\376\377\000P\000o\000r\000t\000\351\000e}{section.1}% 5
\BOOKMARK [2][-]{subsection.1.3}{\376\377\000D\000\351\000f\000i\000n\000i\000t\000i\000o\000n\000s\000,\000\040\000a\000c\000r\000o\000n\000y\000m\000e\000s\000\040\000e\000t\000\040\000a\000b\000r\000\351\000v\000i\000a\000t\000i\000o\000n\000s}{section.1}% 6
\BOOKMARK [2][-]{subsection.1.4}{\376\377\000R\000\351\000f\000\351\000r\000e\000n\000c\000e\000s}{section.1}% 7
\BOOKMARK [2][-]{subsection.1.5}{\376\377\000V\000u\000e\000\040\000d\000'\000e\000n\000s\000e\000m\000b\000l\000e}{section.1}% 8
\BOOKMARK [2][-]{subsection.1.6}{\376\377\000V\000e\000r\000s\000i\000o\000n\000s}{section.1}% 9
\BOOKMARK [1][-]{section.2}{\376\377\000C\000o\000n\000c\000e\000p\000t\000i\000o\000n\000\040\000g\000\351\000n\000\351\000r\000a\000l\000e}{}% 10
\BOOKMARK [2][-]{subsection.2.1}{\376\377\000A\000r\000c\000h\000i\000t\000e\000c\000t\000u\000r\000e\000\040\000c\000a\000n\000d\000i\000d\000a\000t\000e}{section.2}% 11
\BOOKMARK [2][-]{subsection.2.2}{\376\377\000D\000i\000a\000g\000r\000a\000m\000m\000e\000s\000\040\000d\000e\000\040\000s\000\351\000q\000u\000e\000n\000c\000e}{section.2}% 12
\BOOKMARK [2][-]{subsection.2.3}{\376\377\000T\000y\000p\000e\000s\000\040\000d\000e\000\040\000d\000o\000n\000n\000\351\000e\000s}{section.2}% 13
\BOOKMARK [2][-]{subsection.2.4}{\376\377\000C\000l\000a\000s\000s\000e\000s}{section.2}% 14
\BOOKMARK [3][-]{subsubsection.2.4.1}{\376\377\000V\000u\000e\000\040\000g\000\351\000n\000\351\000r\000a\000l\000e}{subsection.2.4}% 15
\BOOKMARK [3][-]{subsubsection.2.4.2}{\376\377\000L\000a\000\040\000c\000l\000a\000s\000s\000e\000\040\000U\000S\000E\000R}{subsection.2.4}% 16
\BOOKMARK [4][-]{paragraph.2.4.2.1}{\376\377\000A\000t\000t\000r\000i\000b\000u\000t\000s}{subsubsection.2.4.2}% 17
\BOOKMARK [4][-]{paragraph.2.4.2.2}{\376\377\000S\000e\000r\000v\000i\000c\000e\000s\000\040\000o\000f\000f\000e\000r\000t\000s}{subsubsection.2.4.2}% 18
\BOOKMARK [3][-]{subsubsection.2.4.3}{\376\377\000L\000a\000\040\000c\000l\000a\000s\000s\000e\000\040\000G\000U\000I\000P\000h\000o\000n\000e}{subsection.2.4}% 19
\BOOKMARK [4][-]{paragraph.2.4.3.1}{\376\377\000A\000t\000t\000r\000i\000b\000u\000t\000s}{subsubsection.2.4.3}% 20
\BOOKMARK [4][-]{paragraph.2.4.3.2}{\376\377\000S\000e\000r\000v\000i\000c\000e\000s\000\040\000o\000f\000f\000e\000r\000t\000s}{subsubsection.2.4.3}% 21
\BOOKMARK [3][-]{subsubsection.2.4.4}{\376\377\000L\000a\000\040\000c\000l\000a\000s\000s\000e\000\040\000A\000R\000C\000H\000I\000V\000I\000S\000T}{subsection.2.4}% 22
\BOOKMARK [4][-]{paragraph.2.4.4.1}{\376\377\000A\000t\000t\000r\000i\000b\000u\000t\000s}{subsubsection.2.4.4}% 23
\BOOKMARK [4][-]{paragraph.2.4.4.2}{\376\377\000S\000e\000r\000v\000i\000c\000e\000s\000\040\000o\000f\000f\000e\000r\000t\000s}{subsubsection.2.4.4}% 24
\BOOKMARK [3][-]{subsubsection.2.4.5}{\376\377\000L\000a\000\040\000c\000l\000a\000s\000s\000e\000\040\000U\000I\000R\000o\000b\000o\000t}{subsection.2.4}% 25
\BOOKMARK [4][-]{paragraph.2.4.5.1}{\376\377\000A\000t\000t\000r\000i\000b\000u\000t\000s}{subsubsection.2.4.5}% 26
\BOOKMARK [4][-]{paragraph.2.4.5.2}{\376\377\000S\000e\000r\000v\000i\000c\000e\000s\000\040\000o\000f\000f\000e\000r\000t\000s}{subsubsection.2.4.5}% 27
\BOOKMARK [3][-]{subsubsection.2.4.6}{\376\377\000L\000a\000\040\000c\000l\000a\000s\000s\000e\000\040\000D\000R\000I\000V\000E\000R}{subsection.2.4}% 28
\BOOKMARK [4][-]{paragraph.2.4.6.1}{\376\377\000A\000t\000t\000r\000i\000b\000u\000t\000s}{subsubsection.2.4.6}% 29
\BOOKMARK [4][-]{paragraph.2.4.6.2}{\376\377\000S\000e\000r\000v\000i\000c\000e\000s\000\040\000o\000f\000f\000e\000r\000t\000s}{subsubsection.2.4.6}% 30
\BOOKMARK [3][-]{subsubsection.2.4.7}{\376\377\000L\000a\000\040\000c\000l\000a\000s\000s\000e\000\040\000E\000X\000P\000L\000O\000R\000E\000R}{subsection.2.4}% 31
\BOOKMARK [4][-]{paragraph.2.4.7.1}{\376\377\000A\000t\000t\000r\000i\000b\000u\000t\000s}{subsubsection.2.4.7}% 32
\BOOKMARK [4][-]{paragraph.2.4.7.2}{\376\377\000S\000e\000r\000v\000i\000c\000e\000s\000\040\000o\000f\000f\000e\000r\000t\000s}{subsubsection.2.4.7}% 33
\BOOKMARK [3][-]{subsubsection.2.4.8}{\376\377\000L\000a\000\040\000c\000l\000a\000s\000s\000e\000\040\000R\000A\000D\000A\000R}{subsection.2.4}% 34
\BOOKMARK [4][-]{paragraph.2.4.8.1}{\376\377\000A\000t\000t\000r\000i\000b\000u\000t\000s}{subsubsection.2.4.8}% 35
\BOOKMARK [4][-]{paragraph.2.4.8.2}{\376\377\000S\000e\000r\000v\000i\000c\000e\000s\000\040\000o\000f\000f\000e\000r\000t\000s}{subsubsection.2.4.8}% 36
\BOOKMARK [3][-]{subsubsection.2.4.9}{\376\377\000L\000a\000\040\000c\000l\000a\000s\000s\000e\000\040\000M\000A\000P\000P\000E\000R}{subsection.2.4}% 37
\BOOKMARK [4][-]{paragraph.2.4.9.1}{\376\377\000A\000t\000t\000r\000i\000b\000u\000t\000s}{subsubsection.2.4.9}% 38
\BOOKMARK [4][-]{paragraph.2.4.9.2}{\376\377\000S\000e\000r\000v\000i\000c\000e\000s\000\040\000o\000f\000f\000e\000r\000t\000s}{subsubsection.2.4.9}% 39
\BOOKMARK [3][-]{subsubsection.2.4.10}{\376\377\000L\000a\000\040\000c\000l\000a\000s\000s\000e\000\040\000L\000O\000C\000A\000T\000O\000R}{subsection.2.4}% 40
\BOOKMARK [4][-]{paragraph.2.4.10.1}{\376\377\000A\000t\000t\000r\000i\000b\000u\000t\000s}{subsubsection.2.4.10}% 41
\BOOKMARK [4][-]{paragraph.2.4.10.2}{\376\377\000S\000e\000r\000v\000i\000c\000e\000s\000\040\000o\000f\000f\000e\000r\000t\000s}{subsubsection.2.4.10}% 42
\BOOKMARK [3][-]{subsubsection.2.4.11}{\376\377\000L\000a\000\040\000c\000l\000a\000s\000s\000e\000\040\000R\000O\000B\000O\000T}{subsection.2.4}% 43
\BOOKMARK [4][-]{paragraph.2.4.11.1}{\376\377\000A\000t\000t\000r\000i\000b\000u\000t\000s}{subsubsection.2.4.11}% 44
\BOOKMARK [4][-]{paragraph.2.4.11.2}{\376\377\000S\000e\000r\000v\000i\000c\000e\000s\000\040\000o\000f\000f\000e\000r\000t\000s}{subsubsection.2.4.11}% 45
\BOOKMARK [2][-]{subsection.2.5}{\376\377\000D\000i\000a\000g\000r\000a\000m\000m\000e\000s\000\040\000d\000'\000a\000c\000t\000i\000v\000i\000t\000\351}{section.2}% 46
\BOOKMARK [1][-]{section.3}{\376\377\000C\000o\000n\000c\000e\000p\000t\000i\000o\000n\000\040\000d\000\351\000t\000a\000i\000l\000l\000\351\000e}{}% 47
\BOOKMARK [2][-]{subsection.3.1}{\376\377\000A\000r\000c\000h\000i\000t\000e\000c\000t\000u\000r\000e\000\040\000p\000h\000y\000s\000i\000q\000u\000e}{section.3}% 48
\BOOKMARK [2][-]{subsection.3.2}{\376\377\000D\000e\000s\000c\000r\000i\000p\000t\000i\000o\000n\000\040\000d\000e\000s\000\040\000c\000l\000a\000s\000s\000e\000s}{section.3}% 49
\BOOKMARK [1][-]{section.4}{\376\377\000D\000i\000c\000t\000i\000o\000n\000n\000a\000i\000r\000e\000\040\000d\000u\000\040\000d\000o\000m\000a\000i\000n\000e}{}% 50
\BOOKMARK [1][-]{section.5}{\376\377\000T\000a\000b\000l\000e\000\040\000d\000e\000s\000\040\000f\000i\000g\000u\000r\000e\000s}{}% 51
